2025-10-08 20:44:39.345 INFO main.java.model.ParserFactory:21 - Schema format requested: json
2025-10-08 20:44:39.382 INFO main.java.model.JSONParser:26 - Starting JSON schema parsing for file: /Users/helenamarkulin/Desktop/AppDev/schema2script800g7/resources/schema.json
2025-10-08 20:44:39.382 DEBUG main.java.model.JSONParser:46 - Reading JSON tree from schema.json
2025-10-08 20:44:39.390 DEBUG main.java.model.JSONParser:57 - Validating required keys 'name' and 'fields'
2025-10-08 20:44:39.391 ERROR main.java.model.JSONParser:59 - JSON schema missing required 'name' or 'fields'
2025-10-08 20:52:34.279 INFO main.java.model.ParserFactory:21 - Schema format requested: json
2025-10-08 20:52:34.287 INFO main.java.model.JSONParser:26 - Starting JSON schema parsing for file: /Users/helenamarkulin/Desktop/AppDev/schema2script800g7/resources/schema.json
2025-10-08 20:52:34.288 DEBUG main.java.model.JSONParser:46 - Reading JSON tree from schema.json
2025-10-08 20:52:34.290 DEBUG main.java.model.JSONParser:57 - Validating required keys 'name' and 'fields'
2025-10-08 20:52:34.291 ERROR main.java.model.JSONParser:59 - JSON schema missing required 'name' or 'fields'
2025-10-08 20:54:35.312 INFO main.java.model.ParserFactory:21 - Schema format requested: json
2025-10-08 20:54:35.317 INFO main.java.model.JSONParser:26 - Starting JSON schema parsing for file: /Users/helenamarkulin/Desktop/AppDev/schema2script800g7/resources/schema.json
2025-10-08 20:54:35.318 DEBUG main.java.model.JSONParser:46 - Reading JSON tree from schema.json
2025-10-08 20:54:35.319 DEBUG main.java.model.JSONParser:57 - Validating required keys 'name' and 'fields'
2025-10-08 20:54:35.320 ERROR main.java.model.JSONParser:59 - JSON schema missing required 'name' or 'fields'
2025-10-08 20:54:49.208 INFO main.java.model.ParserFactory:21 - Schema format requested: json
2025-10-08 20:54:49.255 INFO main.java.model.JSONParser:26 - Starting JSON schema parsing for file: /Users/helenamarkulin/Desktop/AppDev/schema2script800g7/resources/schema.json
2025-10-08 20:54:49.255 DEBUG main.java.model.JSONParser:46 - Reading JSON tree from schema.json
2025-10-08 21:00:56.518 INFO main.java.model.ParserFactory:21 - Schema format requested: json
2025-10-08 21:00:56.558 INFO main.java.model.JSONParser:26 - Starting JSON schema parsing for file: /Users/helenamarkulin/Desktop/AppDev/schema2script800g7/src/main/resources/person.json
2025-10-08 21:00:56.558 DEBUG main.java.model.JSONParser:46 - Reading JSON tree from person.json
2025-10-08 21:00:56.567 DEBUG main.java.model.JSONParser:58 - Extracted schema name: Person
2025-10-08 21:00:56.567 INFO main.java.model.JSONParser:78 - Parsed SchemaObject created: Person
2025-10-08 21:03:41.383 INFO main.java.model.ParserFactory:21 - Schema format requested: json
2025-10-08 21:03:41.418 INFO main.java.model.JSONParser:26 - Starting JSON schema parsing for file: /Users/helenamarkulin/Desktop/AppDev/schema2script800g7/src/main/resources/person.json
2025-10-08 21:03:41.419 DEBUG main.java.model.JSONParser:46 - Reading JSON tree from person.json
2025-10-08 21:03:41.426 DEBUG main.java.model.JSONParser:58 - Extracted schema name: Person
2025-10-08 21:03:41.427 INFO main.java.model.JSONParser:78 - Parsed SchemaObject created: Person
2025-10-08 21:03:41.427 INFO main.java.model.MySQLGenerator:34 - Starting CREATE TABLE generation for schema: Person
2025-10-08 21:03:41.427 DEBUG main.java.model.MySQLGenerator:35 - Schema 'Person' has 4 fields: [id, firstName, lastName, age]
2025-10-08 21:03:41.427 DEBUG main.java.model.MySQLGenerator:49 - Adding field to CREATE TABLE statement: id
2025-10-08 21:03:41.428 DEBUG main.java.model.MySQLGenerator:49 - Adding field to CREATE TABLE statement: firstName
2025-10-08 21:03:41.428 DEBUG main.java.model.MySQLGenerator:49 - Adding field to CREATE TABLE statement: lastName
2025-10-08 21:03:41.428 DEBUG main.java.model.MySQLGenerator:49 - Adding field to CREATE TABLE statement: age
2025-10-08 21:03:41.428 INFO main.java.model.MySQLGenerator:59 - Successfully generated CREATE TABLE statement for schema: Person
2025-10-08 21:03:41.428 DEBUG main.java.model.MySQLGenerator:60 - Generated SQL:
CREATE TABLE Person (
    id VARCHAR(255),
    firstName VARCHAR(255),
    lastName VARCHAR(255),
    age VARCHAR(255)
);
2025-10-08 21:04:31.472 INFO main.java.model.ParserFactory:21 - Schema format requested: json
2025-10-08 21:04:31.475 INFO main.java.model.JSONParser:26 - Starting JSON schema parsing for file: /Users/helenamarkulin/Desktop/AppDev/schema2script800g7/resources/schema.json
2025-10-08 21:04:31.475 DEBUG main.java.model.JSONParser:46 - Reading JSON tree from schema.json
2025-10-08 21:09:43.157 INFO main.java.model.ParserFactory:21 - Schema format requested: json
2025-10-08 21:09:43.194 INFO main.java.model.JSONParser:25 - Starting JSON schema parsing for file: /Users/helenamarkulin/Desktop/AppDev/schema2script800g7/src/main/resources/person.json
2025-10-08 21:09:43.194 DEBUG main.java.model.JSONParser:41 - Reading JSON tree from person.json
2025-10-08 21:09:43.202 DEBUG main.java.model.JSONParser:68 - Extracted schema name: Person
2025-10-08 21:09:43.203 INFO main.java.model.JSONParser:88 - Parsed SchemaObject created: Person
2025-10-08 21:10:29.753 INFO main.java.model.ParserFactory:21 - Schema format requested: json
2025-10-08 21:10:29.786 INFO main.java.model.JSONParser:25 - Starting JSON schema parsing for file: /Users/helenamarkulin/Desktop/AppDev/schema2script800g7/src/main/resources/person.json
2025-10-08 21:10:29.787 DEBUG main.java.model.JSONParser:41 - Reading JSON tree from person.json
2025-10-08 21:10:29.795 DEBUG main.java.model.JSONParser:68 - Extracted schema name: Person
2025-10-08 21:10:29.795 INFO main.java.model.JSONParser:88 - Parsed SchemaObject created: Person
2025-10-08 21:10:29.796 INFO main.java.model.MySQLGenerator:34 - Starting CREATE TABLE generation for schema: Person
2025-10-08 21:10:29.796 DEBUG main.java.model.MySQLGenerator:35 - Schema 'Person' has 4 fields: [id, firstName, lastName, age]
2025-10-08 21:10:29.796 DEBUG main.java.model.MySQLGenerator:49 - Adding field to CREATE TABLE statement: id
2025-10-08 21:10:29.796 DEBUG main.java.model.MySQLGenerator:49 - Adding field to CREATE TABLE statement: firstName
2025-10-08 21:10:29.796 DEBUG main.java.model.MySQLGenerator:49 - Adding field to CREATE TABLE statement: lastName
2025-10-08 21:10:29.796 DEBUG main.java.model.MySQLGenerator:49 - Adding field to CREATE TABLE statement: age
2025-10-08 21:10:29.796 INFO main.java.model.MySQLGenerator:59 - Successfully generated CREATE TABLE statement for schema: Person
2025-10-08 21:10:29.796 DEBUG main.java.model.MySQLGenerator:60 - Generated SQL:
CREATE TABLE Person (
    id VARCHAR(255),
    firstName VARCHAR(255),
    lastName VARCHAR(255),
    age VARCHAR(255)
);
2025-10-08 21:12:48.219 INFO main.java.model.ParserFactory:21 - Schema format requested: json
2025-10-08 21:12:48.257 INFO main.java.model.JSONParser:25 - Starting JSON schema parsing for file: /Users/helenamarkulin/Desktop/AppDev/schema2script800g7/src/main/resources/person.json
2025-10-08 21:12:48.258 DEBUG main.java.model.JSONParser:41 - Reading JSON tree from person.json
2025-10-08 21:12:48.266 DEBUG main.java.model.JSONParser:68 - Extracted schema name: Person
2025-10-08 21:12:48.267 INFO main.java.model.JSONParser:88 - Parsed SchemaObject created: Person
2025-10-08 21:15:27.957 INFO main.java.model.ParserFactory:21 - Schema format requested: json
2025-10-08 21:15:27.992 INFO main.java.model.JSONParser:25 - Starting JSON schema parsing for file: /Users/helenamarkulin/Desktop/AppDev/schema2script800g7/src/main/resources/person.json
2025-10-08 21:15:27.993 DEBUG main.java.model.JSONParser:41 - Reading JSON tree from person.json
2025-10-08 21:15:28.000 DEBUG main.java.model.JSONParser:68 - Extracted schema name: Person
2025-10-08 21:15:28.001 INFO main.java.model.JSONParser:88 - Parsed SchemaObject created: Person
2025-10-08 21:15:28.002 INFO main.java.model.MySQLGenerator:34 - Starting CREATE TABLE generation for schema: Person
2025-10-08 21:15:28.002 DEBUG main.java.model.MySQLGenerator:35 - Schema 'Person' has 4 fields: [id, firstName, lastName, age]
2025-10-08 21:15:28.002 DEBUG main.java.model.MySQLGenerator:49 - Adding field to CREATE TABLE statement: id
2025-10-08 21:15:28.002 DEBUG main.java.model.MySQLGenerator:49 - Adding field to CREATE TABLE statement: firstName
2025-10-08 21:15:28.003 DEBUG main.java.model.MySQLGenerator:49 - Adding field to CREATE TABLE statement: lastName
2025-10-08 21:15:28.003 DEBUG main.java.model.MySQLGenerator:49 - Adding field to CREATE TABLE statement: age
2025-10-08 21:15:28.003 INFO main.java.model.MySQLGenerator:59 - Successfully generated CREATE TABLE statement for schema: Person
2025-10-08 21:15:28.003 DEBUG main.java.model.MySQLGenerator:60 - Generated SQL:
CREATE TABLE Person (
    id VARCHAR(255),
    firstName VARCHAR(255),
    lastName VARCHAR(255),
    age VARCHAR(255)
);
2025-10-08 21:15:52.626 INFO main.java.model.ParserFactory:21 - Schema format requested: xml
2025-10-08 21:15:52.628 INFO main.java.model.XmlParser:22 - Starting XML schema parsing for file: /Users/helenamarkulin/Desktop/AppDev/schema2script800g7/src/main/resources/person.xml
2025-10-08 21:15:52.629 DEBUG main.java.model.XmlParser:40 - Successfully validated XML file: person.xml
2025-10-08 21:15:52.630 DEBUG main.java.model.XmlParser:53 - Creating mock SchemaObject with fields [field1, field2, field3]
2025-10-08 21:15:52.631 INFO main.java.model.XmlParser:44 - Parsed SchemaObject created: MockSchemaObject
2025-10-08 21:15:52.631 INFO main.java.model.MySQLGenerator:34 - Starting CREATE TABLE generation for schema: MockSchemaObject
2025-10-08 21:15:52.632 DEBUG main.java.model.MySQLGenerator:35 - Schema 'MockSchemaObject' has 3 fields: [field1, field2, field3]
2025-10-08 21:15:52.632 DEBUG main.java.model.MySQLGenerator:49 - Adding field to CREATE TABLE statement: field1
2025-10-08 21:15:52.632 DEBUG main.java.model.MySQLGenerator:49 - Adding field to CREATE TABLE statement: field2
2025-10-08 21:15:52.632 DEBUG main.java.model.MySQLGenerator:49 - Adding field to CREATE TABLE statement: field3
2025-10-08 21:15:52.632 INFO main.java.model.MySQLGenerator:59 - Successfully generated CREATE TABLE statement for schema: MockSchemaObject
2025-10-08 21:15:52.632 DEBUG main.java.model.MySQLGenerator:60 - Generated SQL:
CREATE TABLE MockSchemaObject (
    field1 VARCHAR(255),
    field2 VARCHAR(255),
    field3 VARCHAR(255)
);
